  BunnyWorldTest.cpp
BunnyWorldTest.obj : error LNK2019: unresolved external symbol "public: __thiscall Bunny::Bunny(void)" (??0Bunny@@QAE@XZ) referenced in function "private: virtual void __thiscall testStack_simpletest_Test::TestBody(void)" (?TestBody@testStack_simpletest_Test@@EAEXXZ)
BunnyWorldTest.obj : error LNK2019: unresolved external symbol "public: __thiscall Bunny::~Bunny(void)" (??1Bunny@@QAE@XZ) referenced in function "private: virtual void __thiscall testStack_simpletest_Test::TestBody(void)" (?TestBody@testStack_simpletest_Test@@EAEXXZ)
BunnyWorldTest.obj : error LNK2019: unresolved external symbol "public: void __thiscall Bunny::SetAge(int)" (?SetAge@Bunny@@QAEXH@Z) referenced in function "private: virtual void __thiscall testStack_simpletest_Test::TestBody(void)" (?TestBody@testStack_simpletest_Test@@EAEXXZ)
BunnyWorldTest.obj : error LNK2019: unresolved external symbol "public: int __thiscall Bunny::GetAge(void)" (?GetAge@Bunny@@QAEHXZ) referenced in function "private: virtual void __thiscall testStack_simpletest_Test::TestBody(void)" (?TestBody@testStack_simpletest_Test@@EAEXXZ)
BunnyWorldTest.obj : error LNK2019: unresolved external symbol "public: void __thiscall Bunny::SetColor(enum BunnyColor)" (?SetColor@Bunny@@QAEXW4BunnyColor@@@Z) referenced in function "private: virtual void __thiscall testStack_simpletest_Test::TestBody(void)" (?TestBody@testStack_simpletest_Test@@EAEXXZ)
BunnyWorldTest.obj : error LNK2019: unresolved external symbol "public: enum BunnyColor __thiscall Bunny::GetColor(void)" (?GetColor@Bunny@@QAE?AW4BunnyColor@@XZ) referenced in function "private: virtual void __thiscall testStack_simpletest_Test::TestBody(void)" (?TestBody@testStack_simpletest_Test@@EAEXXZ)
BunnyWorldTest.obj : error LNK2019: unresolved external symbol "public: void __thiscall Bunny::SetBunnyMutant(bool)" (?SetBunnyMutant@Bunny@@QAEX_N@Z) referenced in function "private: virtual void __thiscall testStack_simpletest_Test::TestBody(void)" (?TestBody@testStack_simpletest_Test@@EAEXXZ)
BunnyWorldTest.obj : error LNK2019: unresolved external symbol "public: bool __thiscall Bunny::GetBunnyMutant(void)" (?GetBunnyMutant@Bunny@@QAE_NXZ) referenced in function "private: virtual void __thiscall testStack_simpletest_Test::TestBody(void)" (?TestBody@testStack_simpletest_Test@@EAEXXZ)
BunnyWorldTest.obj : error LNK2019: unresolved external symbol "public: __thiscall BunnySociety::BunnySociety(void)" (??0BunnySociety@@QAE@XZ) referenced in function "private: virtual void __thiscall BunnySocietyInit_InitializeWithFiveBunnies_Test::TestBody(void)" (?TestBody@BunnySocietyInit_InitializeWithFiveBunnies_Test@@EAEXXZ)
BunnyWorldTest.obj : error LNK2019: unresolved external symbol "public: virtual __thiscall BunnySociety::~BunnySociety(void)" (??1BunnySociety@@UAE@XZ) referenced in function "private: virtual void __thiscall BunnySocietyInit_InitializeWithFiveBunnies_Test::TestBody(void)" (?TestBody@BunnySocietyInit_InitializeWithFiveBunnies_Test@@EAEXXZ)
BunnyWorldTest.obj : error LNK2019: unresolved external symbol "public: bool __thiscall BunnySociety::InitializeBunnySociety(void)" (?InitializeBunnySociety@BunnySociety@@QAE_NXZ) referenced in function "private: virtual void __thiscall BunnySocietyInit_InitializeWithFiveBunnies_Test::TestBody(void)" (?TestBody@BunnySocietyInit_InitializeWithFiveBunnies_Test@@EAEXXZ)
BunnyWorldTest.obj : error LNK2019: unresolved external symbol "public: int __thiscall BunnySociety::GetBunnyNumbers(void)" (?GetBunnyNumbers@BunnySociety@@QAEHXZ) referenced in function "private: virtual void __thiscall BunnySocietyInit_InitializeWithFiveBunnies_Test::TestBody(void)" (?TestBody@BunnySocietyInit_InitializeWithFiveBunnies_Test@@EAEXXZ)
C:\naishadh\Projects\NSBytesMaths\Debug\BunnyWorldTest.exe : fatal error LNK1120: 12 unresolved externals
